<?xml version="1.0" encoding="UTF-8" ?>
<testsuite errors="0" failures="0" hostname="LYUR" name="rental.UserTests" tests="5" time="0.524" timestamp="2014-03-18T05:34:25">
  <properties />
  <testcase classname="rental.UserTests" name="testMockGorm" time="0.283" />
  <testcase classname="rental.UserTests" name="testBlank" time="0.043" />
  <testcase classname="rental.UserTests" name="testPassword" time="0.045" />
  <testcase classname="rental.UserTests" name="testMockDomain" time="0.052" />
  <testcase classname="rental.UserTests" name="testUniqueLogin" time="0.048" />
  <system-out><![CDATA[--Output from testMockGorm--
--Output from testBlank--
--Output from testPassword--
--Output from testMockDomain--
--Output from testUniqueLogin--
]]></system-out>
  <system-err><![CDATA[--Output from testMockGorm--
--Output from testBlank--
--Output from testPassword--
--Output from testMockDomain--
--Output from testUniqueLogin--
]]></system-err>
</testsuite>
