<?xml version="1.0" encoding="UTF-8" ?>
<testsuite errors="0" failures="1" hostname="LYUR" name="rental.CartTests" tests="1" time="1.558" timestamp="2014-03-18T05:34:21">
  <properties />
  <testcase classname="rental.CartTests" name="testSomething" time="1.47">
    <failure message="junit.framework.AssertionFailedError: Implement me" type="junit.framework.AssertionFailedError">junit.framework.AssertionFailedError: junit.framework.AssertionFailedError: Implement me
	at rental.CartTests.testSomething(CartTests.groovy:15)
</failure>
  </testcase>
  <system-out><![CDATA[--Output from testSomething--
]]></system-out>
  <system-err><![CDATA[--Output from testSomething--
]]></system-err>
</testsuite>
