<?xml version="1.0" encoding="UTF-8" ?>
<testsuite errors="0" failures="0" hostname="LYUR" name="rental.UserTests" tests="5" time="1.72" timestamp="2014-02-27T15:40:02">
  <properties />
  <testcase classname="rental.UserTests" name="testMockDomain" time="1.468" />
  <testcase classname="rental.UserTests" name="testUniqueLogin" time="0.13" />
  <testcase classname="rental.UserTests" name="testMockGorm" time="0.044" />
  <testcase classname="rental.UserTests" name="testBlank" time="0.019" />
  <testcase classname="rental.UserTests" name="testPassword" time="0.019" />
  <system-out><![CDATA[--Output from testMockDomain--
--Output from testUniqueLogin--
--Output from testMockGorm--
--Output from testBlank--
--Output from testPassword--
]]></system-out>
  <system-err><![CDATA[--Output from testMockDomain--
--Output from testUniqueLogin--
--Output from testMockGorm--
--Output from testBlank--
--Output from testPassword--
]]></system-err>
</testsuite>
